[2016-03-24 12:01:34.538] [INFO] info - statsmanagement up and ready
[2016-03-24 12:02:26.710] [INFO] info - statsmanagement up and ready
[2016-03-24 12:03:01.841] [INFO] info - statsmanagement up and ready
[2016-03-24 12:08:09.730] [INFO] info - statsmanagement up and ready
[2016-03-24 12:08:35.534] [INFO] info - statsmanagement up and ready
[2016-03-24 12:14:06.353] [INFO] info - statsmanagement up and ready
[2016-03-24 12:14:51.502] [INFO] info - statsmanagement up and ready
[2016-03-24 12:14:56.513] [INFO] info - statsmanagement up and ready
[2016-03-24 12:15:26.612] [INFO] info - statsmanagement up and ready
[2016-03-24 12:15:31.119] [INFO] info - statsmanagement up and ready
[2016-03-24 12:15:36.183] [INFO] info - statsmanagement up and ready
[2016-03-24 12:15:46.231] [INFO] info - statsmanagement up and ready
[2016-03-24 12:16:17.707] [INFO] info - request GET : /"123"/stats
[2016-04-04 22:32:40.399] [INFO] info - statsmanagement up and ready
[2016-04-04 22:33:15.544] [INFO] info - statsmanagement up and ready
[2016-04-04 22:34:10.635] [INFO] info - statsmanagement up and ready
[2016-04-04 22:35:35.763] [INFO] info - statsmanagement up and ready
[2016-04-04 22:35:45.765] [INFO] info - statsmanagement up and ready
[2016-04-04 22:38:21.027] [INFO] info - statsmanagement up and ready
[2016-04-04 22:38:41.029] [INFO] info - statsmanagement up and ready
[2016-04-04 22:46:52.740] [INFO] info - statsmanagement up and ready
[2016-04-04 22:47:16.773] [INFO] info - statsmanagement up and ready
[2016-04-04 22:47:51.805] [INFO] info - statsmanagement up and ready
[2016-04-04 22:48:19.840] [INFO] info - request MESSAGE : {"user":"Adriano90","stat":"reputation","points":50}
[2016-04-04 22:49:06.914] [INFO] info - statsmanagement up and ready
[2016-04-04 22:52:41.794] [INFO] info - request MESSAGE : {"user":"Adriano90","stat":"reputation","points":50}
[2016-04-04 22:52:41.799] [INFO] info - request MESSAGE : {"user":"Adriano90","stat":"impact","points":50}
[2016-04-04 22:52:41.801] [INFO] info - request MESSAGE : {"user":"Adriano90","stat":"reputation","points":-150}
[2016-04-04 22:52:41.802] [INFO] info - request MESSAGE : {"user":"Adriano90","stat":"buggy","points":-150}
[2016-04-04 22:52:41.806] [INFO] info - request MESSAGE : {"user":"Adriano90","stat":"reputation","points":50}
[2016-04-04 22:52:41.806] [INFO] info - request MESSAGE : {"user":"Adriano90","stat":"impact","points":50}
[2016-04-04 22:52:41.808] [INFO] info - request MESSAGE : {"user":"Adriano90","stat":"reputation","points":-100}
[2016-04-04 22:52:41.810] [INFO] info - request MESSAGE : {"user":"Adriano90","stat":"buggy","points":-100}
[2016-04-04 22:52:41.817] [INFO] info - request MESSAGE : {"user":"Adriano90","stat":"reputation","points":100}
[2016-04-04 22:52:41.818] [INFO] info - request MESSAGE : {"user":"Adriano90","stat":"impact","points":100}
[2016-04-04 22:52:42.661] [INFO] info - request MESSAGE : {"user":"Adriano90","stat":"reputation","points":100}
[2016-04-04 22:52:42.662] [INFO] info - request MESSAGE : {"user":"Adriano90","stat":"impact","points":100}
[2016-04-04 22:52:42.663] [INFO] info - request MESSAGE : {"user":"Adriano90","stat":"reputation","points":-200}
[2016-04-04 22:52:42.664] [INFO] info - request MESSAGE : {"user":"Adriano90","stat":"buggy","points":-200}
[2016-04-04 22:52:42.666] [INFO] info - request MESSAGE : {"user":"Adriano90","stat":"reputation","points":300}
[2016-04-04 22:52:42.667] [INFO] info - request MESSAGE : {"user":"Adriano90","stat":"impact","points":300}
[2016-04-04 22:52:42.668] [INFO] info - request MESSAGE : {"user":"Adriano90","stat":"reputation","points":-200}
[2016-04-04 22:52:42.669] [INFO] info - request MESSAGE : {"user":"Adriano90","stat":"buggy","points":-200}
[2016-04-04 22:52:42.670] [INFO] info - request MESSAGE : {"user":"Adriano90","stat":"reputation","points":300}
[2016-04-04 22:52:42.672] [INFO] info - request MESSAGE : {"user":"Adriano90","stat":"impact","points":300}
[2016-04-04 22:56:41.613] [INFO] info - request GET : /undefined/stats
[2016-04-04 22:57:33.841] [INFO] info - statsmanagement up and ready
[2016-04-04 22:58:17.694] [INFO] info - statsmanagement up and ready
[2016-04-04 22:58:52.739] [INFO] info - statsmanagement up and ready
[2016-04-04 22:58:57.739] [INFO] info - statsmanagement up and ready
[2016-04-04 22:59:28.226] [INFO] info - request GET : /undefined/stats
[2016-04-04 22:59:58.432] [INFO] info - request MESSAGE : {"user":"Adriano90","stat":"reputation","points":50}
[2016-04-04 22:59:58.435] [INFO] info - request MESSAGE : {"user":"Adriano90","stat":"impact","points":50}
[2016-04-04 22:59:58.436] [INFO] info - request MESSAGE : {"user":"Adriano90","stat":"reputation","points":-150}
[2016-04-04 22:59:58.437] [INFO] info - request MESSAGE : {"user":"Adriano90","stat":"buggy","points":-150}
[2016-04-04 22:59:58.442] [INFO] info - request MESSAGE : {"user":"Adriano90","stat":"reputation","points":50}
[2016-04-04 22:59:58.443] [INFO] info - request MESSAGE : {"user":"Adriano90","stat":"impact","points":50}
[2016-04-04 22:59:58.448] [INFO] info - request MESSAGE : {"user":"Adriano90","stat":"reputation","points":-100}
[2016-04-04 22:59:58.452] [INFO] info - request MESSAGE : {"user":"Adriano90","stat":"buggy","points":-100}
[2016-04-04 22:59:58.467] [INFO] info - request MESSAGE : {"user":"Adriano90","stat":"reputation","points":100}
[2016-04-04 22:59:58.467] [INFO] info - request MESSAGE : {"user":"Adriano90","stat":"impact","points":100}
[2016-04-04 22:59:59.373] [INFO] info - request MESSAGE : {"user":"Adriano90","stat":"reputation","points":100}
[2016-04-04 22:59:59.374] [INFO] info - request MESSAGE : {"user":"Adriano90","stat":"impact","points":100}
[2016-04-04 22:59:59.376] [INFO] info - request MESSAGE : {"user":"Adriano90","stat":"reputation","points":-200}
[2016-04-04 22:59:59.377] [INFO] info - request MESSAGE : {"user":"Adriano90","stat":"buggy","points":-200}
[2016-04-04 22:59:59.377] [INFO] info - request MESSAGE : {"user":"Adriano90","stat":"reputation","points":300}
[2016-04-04 22:59:59.377] [INFO] info - request MESSAGE : {"user":"Adriano90","stat":"impact","points":300}
[2016-04-04 22:59:59.378] [INFO] info - request MESSAGE : {"user":"Adriano90","stat":"reputation","points":-200}
[2016-04-04 22:59:59.380] [INFO] info - request MESSAGE : {"user":"Adriano90","stat":"buggy","points":-200}
[2016-04-04 22:59:59.380] [INFO] info - request MESSAGE : {"user":"Adriano90","stat":"reputation","points":300}
[2016-04-04 22:59:59.381] [INFO] info - request MESSAGE : {"user":"Adriano90","stat":"impact","points":300}
[2016-04-04 23:00:11.957] [INFO] info - request GET : /undefined/stats
[2016-04-04 23:00:12.930] [INFO] info - request GET : /undefined/stats
[2016-04-04 23:00:13.595] [INFO] info - request GET : /undefined/stats
[2016-04-04 23:01:42.986] [INFO] info - statsmanagement up and ready
[2016-04-04 23:02:53.039] [INFO] info - statsmanagement up and ready
[2016-04-04 23:03:13.125] [INFO] info - statsmanagement up and ready
[2016-04-04 23:04:18.227] [INFO] info - statsmanagement up and ready
[2016-04-04 23:04:18.405] [INFO] info - request GET : /stats/Adriano90
[2016-04-04 23:10:34.885] [INFO] info - statsmanagement up and ready
[2016-04-04 23:10:41.115] [INFO] info - request GET : /stats/Adriano90
[2016-04-04 23:10:48.727] [INFO] info - statsmanagement up and ready
[2016-04-04 23:13:20.348] [INFO] info - statsmanagement up and ready
[2016-04-04 23:13:24.721] [INFO] info - request GET : /stats/Adriano90
[2016-04-04 23:15:24.116] [INFO] info - statsmanagement up and ready
[2016-04-04 23:15:26.576] [INFO] info - request GET : /stats/Adriano90
[2016-04-04 23:15:44.152] [INFO] info - statsmanagement up and ready
[2016-04-04 23:16:03.590] [INFO] info - request GET : /stats/Adriano90
[2016-04-04 23:16:04.161] [INFO] info - statsmanagement up and ready
[2016-04-04 23:16:04.862] [INFO] info - request GET : /stats/Adriano90
[2016-04-04 23:16:59.253] [INFO] info - statsmanagement up and ready
[2016-04-04 23:17:14.276] [INFO] info - statsmanagement up and ready
[2016-04-04 23:18:24.372] [INFO] info - statsmanagement up and ready
[2016-04-04 23:18:28.401] [INFO] info - request GET : /stats/Adriano90
[2016-04-04 23:18:29.447] [INFO] info - request GET : /stats/Adriano90
[2016-04-04 23:18:30.287] [INFO] info - request GET : /stats/Adriano90
[2016-04-04 23:39:53.773] [INFO] info - request GET : /stats/Adriano90
[2016-04-04 23:39:54.761] [INFO] info - request GET : /stats/Adriano90
[2016-04-04 23:50:57.078] [INFO] info - statsmanagement up and ready
[2016-04-04 23:58:22.198] [INFO] info - request GET : /stats/Adriano90
[2016-04-05 00:01:00.699] [INFO] info - request GET : /stats/Adriano90
[2016-04-05 00:01:45.258] [INFO] info - request GET : /stats/Adriano90
[2016-04-05 00:02:16.023] [INFO] info - request GET : /stats/Adriano90
[2016-04-05 00:02:48.675] [INFO] info - request GET : /stats/Adriano90
[2016-04-05 00:04:20.243] [INFO] info - request GET : /stats/Adriano90
[2016-04-05 00:05:21.862] [INFO] info - request GET : /stats/Adriano90
[2016-04-05 20:15:28.835] [INFO] info - statsmanagement up and ready
[2016-04-05 20:16:23.363] [INFO] info - statsmanagement up and ready
[2016-04-05 20:17:04.631] [INFO] info - statsmanagement up and ready
[2016-04-05 20:17:51.291] [INFO] info - statsmanagement up and ready
